<?xml version="1.0" encoding="UTF-8"?>
<!-- Generated by org.testng.reporters.JUnitXMLReporter -->
<testsuite ignored="0" hostname="IN-5CD34791K4" failures="1" tests="1" name="Surefire test" time="91.485" errors="0" timestamp="2026-08-31T21:22:54 IST">
  <testcase classname="com.automation.tests.BingMapsDirectionsTest" name="searchBangaloreAndViewDirections" time="43.019">
    <failure type="com.microsoft.playwright.TimeoutError" message="Error {
  message=&amp;apos;Timeout 30000ms exceeded.
  name=&amp;apos;TimeoutError
  stack=&amp;apos;TimeoutError: Timeout 30000ms exceeded.
    at ProgressController.run (C:\Users\RNANDI~1\AppData\Local\Temp\playwright-java-1897814121499250084\package\lib\server\progress.js:75:26)
    at Frame.waitForSelector (C:\Users\RNANDI~1\AppData\Local\Temp\playwright-java-1897814121499250084\package\lib\server\frames.js:629:23)
    at FrameDispatcher.waitForSelector (C:\Users\RNANDI~1\AppData\Local\Temp\playwright-java-1897814121499250084\package\lib\server\dispatchers\frameDispatcher.js:106:103)
    at FrameDispatcher._handleCommand (C:\Users\RNANDI~1\AppData\Local\Temp\playwright-java-1897814121499250084\package\lib\server\dispatchers\dispatcher.js:94:40)
    at DispatcherConnection.dispatch (C:\Users\RNANDI~1\AppData\Local\Temp\playwright-java-1897814121499250084\package\lib\server\dispatchers\dispatcher.js:361:39)
}
Call log:
-   - waiting for locator(&amp;quot;button:has-text(&amp;apos;View directions&amp;apos;), button:has-text(&amp;apos;Get directions&amp;apos;), [role=&amp;apos;button&amp;apos;]:has-text(&amp;apos;View directions&amp;apos;), [role=&amp;apos;button&amp;apos;]:has-text(&amp;apos;Get directions&amp;apos;), a:has-text(&amp;apos;View directions&amp;apos;), a:has-text(&amp;apos;Get directions&amp;apos;), [aria-label*=&amp;apos;View directions&amp;apos;], [aria-label*=&amp;apos;Get directions&amp;apos;]&amp;quot;).first() to be visible
">
      <![CDATA[com.microsoft.playwright.TimeoutError: Error {
  message='Timeout 30000ms exceeded.
  name='TimeoutError
  stack='TimeoutError: Timeout 30000ms exceeded.
    at ProgressController.run (C:\Users\RNANDI~1\AppData\Local\Temp\playwright-java-1897814121499250084\package\lib\server\progress.js:75:26)
    at Frame.waitForSelector (C:\Users\RNANDI~1\AppData\Local\Temp\playwright-java-1897814121499250084\package\lib\server\frames.js:629:23)
    at FrameDispatcher.waitForSelector (C:\Users\RNANDI~1\AppData\Local\Temp\playwright-java-1897814121499250084\package\lib\server\dispatchers\frameDispatcher.js:106:103)
    at FrameDispatcher._handleCommand (C:\Users\RNANDI~1\AppData\Local\Temp\playwright-java-1897814121499250084\package\lib\server\dispatchers\dispatcher.js:94:40)
    at DispatcherConnection.dispatch (C:\Users\RNANDI~1\AppData\Local\Temp\playwright-java-1897814121499250084\package\lib\server\dispatchers\dispatcher.js:361:39)
}
Call log:
-   - waiting for locator("button:has-text('View directions'), button:has-text('Get directions'), [role='button']:has-text('View directions'), [role='button']:has-text('Get directions'), a:has-text('View directions'), a:has-text('Get directions'), [aria-label*='View directions'], [aria-label*='Get directions']").first() to be visible

at com.microsoft.playwright.impl.WaitableResult.get(WaitableResult.java:52)
at com.microsoft.playwright.impl.ChannelOwner.runUntil(ChannelOwner.java:132)
at com.microsoft.playwright.impl.Connection.sendMessage(Connection.java:130)
at com.microsoft.playwright.impl.ChannelOwner.sendMessage(ChannelOwner.java:118)
at com.microsoft.playwright.impl.FrameImpl.waitForSelectorImpl(FrameImpl.java:1060)
at com.microsoft.playwright.impl.LocatorImpl.lambda$waitForImpl$8(LocatorImpl.java:634)
at com.microsoft.playwright.impl.LoggingSupport.withLogging(LoggingSupport.java:47)
at com.microsoft.playwright.impl.ChannelOwner.withLogging(ChannelOwner.java:97)
at com.microsoft.playwright.impl.LocatorImpl.waitForImpl(LocatorImpl.java:634)
at com.microsoft.playwright.impl.LocatorImpl.waitFor(LocatorImpl.java:630)
at com.automation.pages.BingMapsPage.viewDirections(BingMapsPage.java:78)
at com.automation.tests.BingMapsDirectionsTest.searchBangaloreAndViewDirections(BingMapsDirectionsTest.java:25)
at java.base/java.util.ArrayList.forEach(ArrayList.java:1511)
Caused by: com.microsoft.playwright.TimeoutError: Error {
  message='Timeout 30000ms exceeded.
  name='TimeoutError
  stack='TimeoutError: Timeout 30000ms exceeded.
    at ProgressController.run (C:\Users\RNANDI~1\AppData\Local\Temp\playwright-java-1897814121499250084\package\lib\server\progress.js:75:26)
    at Frame.waitForSelector (C:\Users\RNANDI~1\AppData\Local\Temp\playwright-java-1897814121499250084\package\lib\server\frames.js:629:23)
    at FrameDispatcher.waitForSelector (C:\Users\RNANDI~1\AppData\Local\Temp\playwright-java-1897814121499250084\package\lib\server\dispatchers\frameDispatcher.js:106:103)
    at FrameDispatcher._handleCommand (C:\Users\RNANDI~1\AppData\Local\Temp\playwright-java-1897814121499250084\package\lib\server\dispatchers\dispatcher.js:94:40)
    at DispatcherConnection.dispatch (C:\Users\RNANDI~1\AppData\Local\Temp\playwright-java-1897814121499250084\package\lib\server\dispatchers\dispatcher.js:361:39)
}
Call log:
-   - waiting for locator("button:has-text('View directions'), button:has-text('Get directions'), [role='button']:has-text('View directions'), [role='button']:has-text('Get directions'), a:has-text('View directions'), a:has-text('Get directions'), [aria-label*='View directions'], [aria-label*='Get directions']").first() to be visible

at com.microsoft.playwright.impl.Connection.dispatch(Connection.java:254)
at com.microsoft.playwright.impl.Connection.processOneMessage(Connection.java:211)
at com.microsoft.playwright.impl.ChannelOwner.runUntil(ChannelOwner.java:130)
... 43 more
... Removed 32 stack frames]]>
    </failure>
  </testcase> <!-- searchBangaloreAndViewDirections -->
</testsuite> <!-- Surefire test -->
