<?xml version="1.0" encoding="UTF-8"?>
<testsuite xmlns:xsi="http://www.w3.org/2001/XMLSchema-instance" xsi:noNamespaceSchemaLocation="https://maven.apache.org/surefire/maven-surefire-plugin/xsd/surefire-test-report-3.0.xsd" version="3.0" name="TestSuite" time="58.987" tests="3" errors="0" skipped="0" failures="1">
  <properties>
[...]
</properties>
  <testcase name="shouldOpenNewTab" classname="com.demoqa.automation.tests.BrowserWindowsTest" time="0.5">
    <system-err><![CDATA[SLF4J: Failed to load class "org.slf4j.impl.StaticLoggerBinder".
SLF4J: Defaulting to no-operation (NOP) logger implementation
SLF4J: See http://www.slf4j.org/codes.html#StaticLoggerBinder for further details.
]]></system-err>
  </testcase>
  <testcase name="shouldOpenNewWindow" classname="com.demoqa.automation.tests.BrowserWindowsTest" time="0.163">
    <failure message="Error {&#10;  message=&apos;Error: strict mode violation: getByRole(AriaRole.BUTTON, new Page.GetByRoleOptions().setName(&quot;New Window&quot;)) resolved to 2 elements:&#10;    1) &lt;button type=&quot;button&quot; id=&quot;windowButton&quot; class=&quot;mt-4 btn btn-primary&quot;&gt;New Window&lt;/button&gt; aka getByRole(AriaRole.BUTTON, new Page.GetByRoleOptions().setName(&quot;New Window&quot;).setExact(true))&#10;    2) &lt;button type=&quot;button&quot; class=&quot;btn btn-primary&quot; id=&quot;messageWindowButton&quot;&gt;New Window Message&lt;/button&gt; aka getByRole(AriaRole.BUTTON, new Page.GetByRoleOptions().setName(&quot;New Window Message&quot;))&#10;&#10;  name=&apos;Error&#10;  stack=&apos;Error: Error: strict mode violation: getByRole(AriaRole.BUTTON, new Page.GetByRoleOptions().setName(&quot;New Window&quot;)) resolved to 2 elements:&#10;    1) &lt;button type=&quot;button&quot; id=&quot;windowButton&quot; class=&quot;mt-4 btn btn-primary&quot;&gt;New Window&lt;/button&gt; aka getByRole(AriaRole.BUTTON, new Page.GetByRoleOptions().setName(&quot;New Window&quot;).setExact(true))&#10;    2) &lt;button type=&quot;button&quot; class=&quot;btn btn-primary&quot; id=&quot;messageWindowButton&quot;&gt;New Window Message&lt;/button&gt; aka getByRole(AriaRole.BUTTON, new Page.GetByRoleOptions().setName(&quot;New Window Message&quot;))&#10;&#10;    at CRExecutionContext.evaluateWithArguments (C:\Users\RNANDI~1\AppData\Local\Temp\playwright-java-2743562310083304328\package\lib\server\chromium\crExecutionContext.js:79:33)&#10;    at async LongStandingScope._race (C:\Users\RNANDI~1\AppData\Local\Temp\playwright-java-2743562310083304328\package\lib\utils\manualPromise.js:96:14)&#10;    at async evaluateExpression (C:\Users\RNANDI~1\AppData\Local\Temp\playwright-java-2743562310083304328\package\lib\server\javascript.js:229:12)&#10;    at async C:\Users\RNANDI~1\AppData\Local\Temp\playwright-java-2743562310083304328\package\lib\server\frames.js:965:22&#10;    at async Frame.retryWithProgressAndTimeouts (C:\Users\RNANDI~1\AppData\Local\Temp\playwright-java-2743562310083304328\package\lib\server\frames.js:935:24)&#10;    at async C:\Users\RNANDI~1\AppData\Local\Temp\playwright-java-2743562310083304328\package\lib\server\frames.js:1023:29&#10;    at async ProgressController.run (C:\Users\RNANDI~1\AppData\Local\Temp\playwright-java-2743562310083304328\package\lib\server\progress.js:79:22)&#10;    at async FrameDispatcher.click (C:\Users\RNANDI~1\AppData\Local\Temp\playwright-java-2743562310083304328\package\lib\server\dispatchers\frameDispatcher.js:158:12)&#10;    at async LongStandingScope._race (C:\Users\RNANDI~1\AppData\Local\Temp\playwright-java-2743562310083304328\package\lib\utils\manualPromise.js:96:14)&#10;    at async FrameDispatcher._handleCommand (C:\Users\RNANDI~1\AppData\Local\Temp\playwright-java-2743562310083304328\package\lib\server\dispatchers\dispatcher.js:96:14)&#10;}&#10;Call log:&#10;-   - waiting for getByRole(AriaRole.BUTTON, new Page.GetByRoleOptions().setName(&quot;New Window&quot;))&#10;" type="com.microsoft.playwright.PlaywrightException"><![CDATA[com.microsoft.playwright.PlaywrightException: 
Error {
  message='Error: strict mode violation: getByRole(AriaRole.BUTTON, new Page.GetByRoleOptions().setName("New Window")) resolved to 2 elements:
    1) <button type="button" id="windowButton" class="mt-4 btn btn-primary">New Window</button> aka getByRole(AriaRole.BUTTON, new Page.GetByRoleOptions().setName("New Window").setExact(true))
    2) <button type="button" class="btn btn-primary" id="messageWindowButton">New Window Message</button> aka getByRole(AriaRole.BUTTON, new Page.GetByRoleOptions().setName("New Window Message"))

  name='Error
  stack='Error: Error: strict mode violation: getByRole(AriaRole.BUTTON, new Page.GetByRoleOptions().setName("New Window")) resolved to 2 elements:
    1) <button type="button" id="windowButton" class="mt-4 btn btn-primary">New Window</button> aka getByRole(AriaRole.BUTTON, new Page.GetByRoleOptions().setName("New Window").setExact(true))
    2) <button type="button" class="btn btn-primary" id="messageWindowButton">New Window Message</button> aka getByRole(AriaRole.BUTTON, new Page.GetByRoleOptions().setName("New Window Message"))

    at CRExecutionContext.evaluateWithArguments (C:\Users\RNANDI~1\AppData\Local\Temp\playwright-java-2743562310083304328\package\lib\server\chromium\crExecutionContext.js:79:33)
    at async LongStandingScope._race (C:\Users\RNANDI~1\AppData\Local\Temp\playwright-java-2743562310083304328\package\lib\utils\manualPromise.js:96:14)
    at async evaluateExpression (C:\Users\RNANDI~1\AppData\Local\Temp\playwright-java-2743562310083304328\package\lib\server\javascript.js:229:12)
    at async C:\Users\RNANDI~1\AppData\Local\Temp\playwright-java-2743562310083304328\package\lib\server\frames.js:965:22
    at async Frame.retryWithProgressAndTimeouts (C:\Users\RNANDI~1\AppData\Local\Temp\playwright-java-2743562310083304328\package\lib\server\frames.js:935:24)
    at async C:\Users\RNANDI~1\AppData\Local\Temp\playwright-java-2743562310083304328\package\lib\server\frames.js:1023:29
    at async ProgressController.run (C:\Users\RNANDI~1\AppData\Local\Temp\playwright-java-2743562310083304328\package\lib\server\progress.js:79:22)
    at async FrameDispatcher.click (C:\Users\RNANDI~1\AppData\Local\Temp\playwright-java-2743562310083304328\package\lib\server\dispatchers\frameDispatcher.js:158:12)
    at async LongStandingScope._race (C:\Users\RNANDI~1\AppData\Local\Temp\playwright-java-2743562310083304328\package\lib\utils\manualPromise.js:96:14)
    at async FrameDispatcher._handleCommand (C:\Users\RNANDI~1\AppData\Local\Temp\playwright-java-2743562310083304328\package\lib\server\dispatchers\dispatcher.js:96:14)
}
Call log:
-   - waiting for getByRole(AriaRole.BUTTON, new Page.GetByRoleOptions().setName("New Window"))

	at com.microsoft.playwright.impl.WaitableResult.get(WaitableResult.java:56)
	at com.microsoft.playwright.impl.ChannelOwner.runUntil(ChannelOwner.java:132)
	at com.microsoft.playwright.impl.Connection.sendMessage(Connection.java:130)
	at com.microsoft.playwright.impl.ChannelOwner.sendMessage(ChannelOwner.java:118)
	at com.microsoft.playwright.impl.FrameImpl.clickImpl(FrameImpl.java:252)
	at com.microsoft.playwright.impl.FrameImpl.lambda$click$8(FrameImpl.java:243)
	at com.microsoft.playwright.impl.LoggingSupport.lambda$withLogging$0(LoggingSupport.java:36)
	at com.microsoft.playwright.impl.LoggingSupport.withLogging(LoggingSupport.java:47)
	at com.microsoft.playwright.impl.ChannelOwner.withLogging(ChannelOwner.java:97)
	at com.microsoft.playwright.impl.LoggingSupport.withLogging(LoggingSupport.java:35)
	at com.microsoft.playwright.impl.FrameImpl.click(FrameImpl.java:243)
	at com.microsoft.playwright.impl.LocatorImpl.click(LocatorImpl.java:175)
	at com.microsoft.playwright.Locator.click(Locator.java:2493)
	at com.demoqa.automation.pages.BrowserWindowsPage.lambda$openNewWindow$1(BrowserWindowsPage.java:26)
	at com.microsoft.playwright.impl.ChannelOwner.runUntil(ChannelOwner.java:128)
	at com.microsoft.playwright.impl.PageImpl.waitForEventWithTimeout(PageImpl.java:535)
	at com.microsoft.playwright.impl.PageImpl.waitForPopupImpl(PageImpl.java:503)
	at com.microsoft.playwright.impl.PageImpl.lambda$waitForPopup$4(PageImpl.java:496)
	at com.microsoft.playwright.impl.WaitForEventLogger.lambda$get$0(WaitForEventLogger.java:50)
	at com.microsoft.playwright.impl.LoggingSupport.withLogging(LoggingSupport.java:47)
	at com.microsoft.playwright.impl.ChannelOwner.withLogging(ChannelOwner.java:97)
	at com.microsoft.playwright.impl.WaitForEventLogger.get(WaitForEventLogger.java:41)
	at com.microsoft.playwright.impl.ChannelOwner.withWaitLogging(ChannelOwner.java:87)
	at com.microsoft.playwright.impl.PageImpl.waitForPopup(PageImpl.java:496)
	at com.microsoft.playwright.Page.waitForPopup(Page.java:7895)
	at com.demoqa.automation.pages.BrowserWindowsPage.openNewWindow(BrowserWindowsPage.java:24)
	at com.demoqa.automation.tests.BrowserWindowsTest.shouldOpenNewWindow(BrowserWindowsTest.java:23)
	at java.base/jdk.internal.reflect.NativeMethodAccessorImpl.invoke0(Native Method)
	at java.base/jdk.internal.reflect.NativeMethodAccessorImpl.invoke(NativeMethodAccessorImpl.java:77)
	at java.base/jdk.internal.reflect.DelegatingMethodAccessorImpl.invoke(DelegatingMethodAccessorImpl.java:43)
	at java.base/java.lang.reflect.Method.invoke(Method.java:569)
	at org.testng.internal.invokers.MethodInvocationHelper.invokeMethod(MethodInvocationHelper.java:139)
	at org.testng.internal.invokers.TestInvoker.invokeMethod(TestInvoker.java:664)
	at org.testng.internal.invokers.TestInvoker.invokeTestMethod(TestInvoker.java:227)
	at org.testng.internal.invokers.MethodRunner.runInSequence(MethodRunner.java:50)
	at org.testng.internal.invokers.TestInvoker$MethodInvocationAgent.invoke(TestInvoker.java:957)
	at org.testng.internal.invokers.TestInvoker.invokeTestMethods(TestInvoker.java:200)
	at org.testng.internal.invokers.TestMethodWorker.invokeTestMethods(TestMethodWorker.java:148)
	at org.testng.internal.invokers.TestMethodWorker.run(TestMethodWorker.java:128)
	at java.base/java.util.ArrayList.forEach(ArrayList.java:1511)
	at org.testng.TestRunner.privateRun(TestRunner.java:848)
	at org.testng.TestRunner.run(TestRunner.java:621)
	at org.testng.SuiteRunner.runTest(SuiteRunner.java:443)
	at org.testng.SuiteRunner.runSequentially(SuiteRunner.java:437)
	at org.testng.SuiteRunner.privateRun(SuiteRunner.java:397)
	at org.testng.SuiteRunner.run(SuiteRunner.java:336)
	at org.testng.SuiteRunnerWorker.runSuite(SuiteRunnerWorker.java:52)
	at org.testng.SuiteRunnerWorker.run(SuiteRunnerWorker.java:95)
	at org.testng.TestNG.runSuitesSequentially(TestNG.java:1280)
	at org.testng.TestNG.runSuitesLocally(TestNG.java:1200)
	at org.testng.TestNG.runSuites(TestNG.java:1114)
	at org.testng.TestNG.run(TestNG.java:1082)
	at org.apache.maven.surefire.testng.TestNGExecutor.run(TestNGExecutor.java:308)
	at org.apache.maven.surefire.testng.TestNGXmlTestSuite.execute(TestNGXmlTestSuite.java:71)
	at org.apache.maven.surefire.testng.TestNGProvider.invoke(TestNGProvider.java:113)
	at org.apache.maven.surefire.booter.ForkedBooter.runSuitesInProcess(ForkedBooter.java:385)
	at org.apache.maven.surefire.booter.ForkedBooter.execute(ForkedBooter.java:162)
	at org.apache.maven.surefire.booter.ForkedBooter.run(ForkedBooter.java:507)
	at org.apache.maven.surefire.booter.ForkedBooter.main(ForkedBooter.java:495)
Caused by: com.microsoft.playwright.impl.DriverException: Error {
  message='Error: strict mode violation: getByRole(AriaRole.BUTTON, new Page.GetByRoleOptions().setName("New Window")) resolved to 2 elements:
    1) <button type="button" id="windowButton" class="mt-4 btn btn-primary">New Window</button> aka getByRole(AriaRole.BUTTON, new Page.GetByRoleOptions().setName("New Window").setExact(true))
    2) <button type="button" class="btn btn-primary" id="messageWindowButton">New Window Message</button> aka getByRole(AriaRole.BUTTON, new Page.GetByRoleOptions().setName("New Window Message"))

  name='Error
  stack='Error: Error: strict mode violation: getByRole(AriaRole.BUTTON, new Page.GetByRoleOptions().setName("New Window")) resolved to 2 elements:
    1) <button type="button" id="windowButton" class="mt-4 btn btn-primary">New Window</button> aka getByRole(AriaRole.BUTTON, new Page.GetByRoleOptions().setName("New Window").setExact(true))
    2) <button type="button" class="btn btn-primary" id="messageWindowButton">New Window Message</button> aka getByRole(AriaRole.BUTTON, new Page.GetByRoleOptions().setName("New Window Message"))

    at CRExecutionContext.evaluateWithArguments (C:\Users\RNANDI~1\AppData\Local\Temp\playwright-java-2743562310083304328\package\lib\server\chromium\crExecutionContext.js:79:33)
    at async LongStandingScope._race (C:\Users\RNANDI~1\AppData\Local\Temp\playwright-java-2743562310083304328\package\lib\utils\manualPromise.js:96:14)
    at async evaluateExpression (C:\Users\RNANDI~1\AppData\Local\Temp\playwright-java-2743562310083304328\package\lib\server\javascript.js:229:12)
    at async C:\Users\RNANDI~1\AppData\Local\Temp\playwright-java-2743562310083304328\package\lib\server\frames.js:965:22
    at async Frame.retryWithProgressAndTimeouts (C:\Users\RNANDI~1\AppData\Local\Temp\playwright-java-2743562310083304328\package\lib\server\frames.js:935:24)
    at async C:\Users\RNANDI~1\AppData\Local\Temp\playwright-java-2743562310083304328\package\lib\server\frames.js:1023:29
    at async ProgressController.run (C:\Users\RNANDI~1\AppData\Local\Temp\playwright-java-2743562310083304328\package\lib\server\progress.js:79:22)
    at async FrameDispatcher.click (C:\Users\RNANDI~1\AppData\Local\Temp\playwright-java-2743562310083304328\package\lib\server\dispatchers\frameDispatcher.js:158:12)
    at async LongStandingScope._race (C:\Users\RNANDI~1\AppData\Local\Temp\playwright-java-2743562310083304328\package\lib\utils\manualPromise.js:96:14)
    at async FrameDispatcher._handleCommand (C:\Users\RNANDI~1\AppData\Local\Temp\playwright-java-2743562310083304328\package\lib\server\dispatchers\dispatcher.js:96:14)
}
Call log:
-   - waiting for getByRole(AriaRole.BUTTON, new Page.GetByRoleOptions().setName("New Window"))

	at com.microsoft.playwright.impl.Connection.dispatch(Connection.java:259)
	at com.microsoft.playwright.impl.Connection.processOneMessage(Connection.java:211)
	at com.microsoft.playwright.impl.ChannelOwner.runUntil(ChannelOwner.java:130)
	... 57 more
]]></failure>
  </testcase>
  <testcase name="shouldOpenNewWindowMessage" classname="com.demoqa.automation.tests.BrowserWindowsTest" time="0.51"/>
</testsuite>