<?xml version="1.0" encoding="UTF-8"?>
<!-- Generated by org.testng.reporters.JUnitXMLReporter -->
<testsuite ignored="0" hostname="IN-5CD34791K4" failures="0" tests="6" name="Regression Tests" time="236.403" errors="0" timestamp="2026-08-31T23:05:35 IST">
  <testcase classname="com.automation.tests.BingSearchTest" name="testBingPageLoads" time="15.125"/>
  <testcase classname="com.automation.tests.BingSearchTest" name="testBingSearch" time="31.821"/>
  <testcase classname="com.automation.tests.BingSearchTest" name="testBingSearchMultipleKeywords" time="44.456"/>
  <testcase classname="com.automation.tests.BingSearchTest" name="testBingHomePageLinks" time="15.136"/>
  <testcase classname="com.automation.tests.BingSearchTest" name="testBingImagesSearchForMsDhoni" time="40.694"/>
  <testcase classname="com.automation.tests.BingMapsDirectionsTest" name="searchBangaloreAndViewDirections" time="33.487"/>
</testsuite> <!-- Regression Tests -->
