<?xml version="1.0" encoding="UTF-8"?>
<!-- Generated by org.testng.reporters.JUnitXMLReporter -->
<testsuite ignored="4" hostname="IN-5CD34791K4" failures="0" tests="1" name="Smoke Tests" time="49.76" errors="0" timestamp="2026-08-31T23:01:38 IST">
  <testcase classname="com.automation.tests.BingSearchTest" name="testBingPageLoads" time="15.198"/>
  <testcase classname="com.automation.tests.BingSearchTest" name="testBingSearchMultipleKeywords" time="0.0">
    <ignored/>
  </testcase> <!-- testBingSearchMultipleKeywords -->
  <testcase classname="com.automation.tests.BingSearchTest" name="testBingImagesSearchForMsDhoni" time="0.0">
    <ignored/>
  </testcase> <!-- testBingImagesSearchForMsDhoni -->
  <testcase classname="com.automation.tests.BingSearchTest" name="testBingHomePageLinks" time="0.0">
    <ignored/>
  </testcase> <!-- testBingHomePageLinks -->
  <testcase classname="com.automation.tests.BingSearchTest" name="testBingSearch" time="0.0">
    <ignored/>
  </testcase> <!-- testBingSearch -->
</testsuite> <!-- Smoke Tests -->
