<?xml version="1.0" encoding="UTF-8"?>
<!-- Generated by org.testng.reporters.JUnitXMLReporter -->
<testsuite ignored="0" hostname="IN-5CD34791K4" failures="1" tests="3" name="Browser Windows Tests" time="56.376" errors="0" timestamp="2026-08-31T22:50:46 IST">
  <testcase classname="com.demoqa.automation.tests.BrowserWindowsTest" name="shouldOpenNewTab" time="0.499"/>
  <testcase classname="com.demoqa.automation.tests.BrowserWindowsTest" name="shouldOpenNewWindow" time="0.15">
    <failure type="com.microsoft.playwright.PlaywrightException" message="Error {
  message=&amp;apos;Error: strict mode violation: getByRole(AriaRole.BUTTON, new Page.GetByRoleOptions().setName(&amp;quot;New Window&amp;quot;)) resolved to 2 elements:
    1) &amp;lt;button type=&amp;quot;button&amp;quot; id=&amp;quot;windowButton&amp;quot; class=&amp;quot;mt-4 btn btn-primary&amp;quot;&amp;gt;New Window&amp;lt;/button&amp;gt; aka getByRole(AriaRole.BUTTON, new Page.GetByRoleOptions().setName(&amp;quot;New Window&amp;quot;).setExact(true))
    2) &amp;lt;button type=&amp;quot;button&amp;quot; class=&amp;quot;btn btn-primary&amp;quot; id=&amp;quot;messageWindowButton&amp;quot;&amp;gt;New Window Message&amp;lt;/button&amp;gt; aka getByRole(AriaRole.BUTTON, new Page.GetByRoleOptions().setName(&amp;quot;New Window Message&amp;quot;))

  name=&amp;apos;Error
  stack=&amp;apos;Error: Error: strict mode violation: getByRole(AriaRole.BUTTON, new Page.GetByRoleOptions().setName(&amp;quot;New Window&amp;quot;)) resolved to 2 elements:
    1) &amp;lt;button type=&amp;quot;button&amp;quot; id=&amp;quot;windowButton&amp;quot; class=&amp;quot;mt-4 btn btn-primary&amp;quot;&amp;gt;New Window&amp;lt;/button&amp;gt; aka getByRole(AriaRole.BUTTON, new Page.GetByRoleOptions().setName(&amp;quot;New Window&amp;quot;).setExact(true))
    2) &amp;lt;button type=&amp;quot;button&amp;quot; class=&amp;quot;btn btn-primary&amp;quot; id=&amp;quot;messageWindowButton&amp;quot;&amp;gt;New Window Message&amp;lt;/button&amp;gt; aka getByRole(AriaRole.BUTTON, new Page.GetByRoleOptions().setName(&amp;quot;New Window Message&amp;quot;))

    at CRExecutionContext.evaluateWithArguments (C:\Users\RNANDI~1\AppData\Local\Temp\playwright-java-2743562310083304328\package\lib\server\chromium\crExecutionContext.js:79:33)
    at async LongStandingScope._race (C:\Users\RNANDI~1\AppData\Local\Temp\playwright-java-2743562310083304328\package\lib\utils\manualPromise.js:96:14)
    at async evaluateExpression (C:\Users\RNANDI~1\AppData\Local\Temp\playwright-java-2743562310083304328\package\lib\server\javascript.js:229:12)
    at async C:\Users\RNANDI~1\AppData\Local\Temp\playwright-java-2743562310083304328\package\lib\server\frames.js:965:22
    at async Frame.retryWithProgressAndTimeouts (C:\Users\RNANDI~1\AppData\Local\Temp\playwright-java-2743562310083304328\package\lib\server\frames.js:935:24)
    at async C:\Users\RNANDI~1\AppData\Local\Temp\playwright-java-2743562310083304328\package\lib\server\frames.js:1023:29
    at async ProgressController.run (C:\Users\RNANDI~1\AppData\Local\Temp\playwright-java-2743562310083304328\package\lib\server\progress.js:79:22)
    at async FrameDispatcher.click (C:\Users\RNANDI~1\AppData\Local\Temp\playwright-java-2743562310083304328\package\lib\server\dispatchers\frameDispatcher.js:158:12)
    at async LongStandingScope._race (C:\Users\RNANDI~1\AppData\Local\Temp\playwright-java-2743562310083304328\package\lib\utils\manualPromise.js:96:14)
    at async FrameDispatcher._handleCommand (C:\Users\RNANDI~1\AppData\Local\Temp\playwright-java-2743562310083304328\package\lib\server\dispatchers\dispatcher.js:96:14)
}
Call log:
-   - waiting for getByRole(AriaRole.BUTTON, new Page.GetByRoleOptions().setName(&amp;quot;New Window&amp;quot;))
">
      <![CDATA[com.microsoft.playwright.PlaywrightException: Error {
  message='Error: strict mode violation: getByRole(AriaRole.BUTTON, new Page.GetByRoleOptions().setName("New Window")) resolved to 2 elements:
    1) <button type="button" id="windowButton" class="mt-4 btn btn-primary">New Window</button> aka getByRole(AriaRole.BUTTON, new Page.GetByRoleOptions().setName("New Window").setExact(true))
    2) <button type="button" class="btn btn-primary" id="messageWindowButton">New Window Message</button> aka getByRole(AriaRole.BUTTON, new Page.GetByRoleOptions().setName("New Window Message"))

  name='Error
  stack='Error: Error: strict mode violation: getByRole(AriaRole.BUTTON, new Page.GetByRoleOptions().setName("New Window")) resolved to 2 elements:
    1) <button type="button" id="windowButton" class="mt-4 btn btn-primary">New Window</button> aka getByRole(AriaRole.BUTTON, new Page.GetByRoleOptions().setName("New Window").setExact(true))
    2) <button type="button" class="btn btn-primary" id="messageWindowButton">New Window Message</button> aka getByRole(AriaRole.BUTTON, new Page.GetByRoleOptions().setName("New Window Message"))

    at CRExecutionContext.evaluateWithArguments (C:\Users\RNANDI~1\AppData\Local\Temp\playwright-java-2743562310083304328\package\lib\server\chromium\crExecutionContext.js:79:33)
    at async LongStandingScope._race (C:\Users\RNANDI~1\AppData\Local\Temp\playwright-java-2743562310083304328\package\lib\utils\manualPromise.js:96:14)
    at async evaluateExpression (C:\Users\RNANDI~1\AppData\Local\Temp\playwright-java-2743562310083304328\package\lib\server\javascript.js:229:12)
    at async C:\Users\RNANDI~1\AppData\Local\Temp\playwright-java-2743562310083304328\package\lib\server\frames.js:965:22
    at async Frame.retryWithProgressAndTimeouts (C:\Users\RNANDI~1\AppData\Local\Temp\playwright-java-2743562310083304328\package\lib\server\frames.js:935:24)
    at async C:\Users\RNANDI~1\AppData\Local\Temp\playwright-java-2743562310083304328\package\lib\server\frames.js:1023:29
    at async ProgressController.run (C:\Users\RNANDI~1\AppData\Local\Temp\playwright-java-2743562310083304328\package\lib\server\progress.js:79:22)
    at async FrameDispatcher.click (C:\Users\RNANDI~1\AppData\Local\Temp\playwright-java-2743562310083304328\package\lib\server\dispatchers\frameDispatcher.js:158:12)
    at async LongStandingScope._race (C:\Users\RNANDI~1\AppData\Local\Temp\playwright-java-2743562310083304328\package\lib\utils\manualPromise.js:96:14)
    at async FrameDispatcher._handleCommand (C:\Users\RNANDI~1\AppData\Local\Temp\playwright-java-2743562310083304328\package\lib\server\dispatchers\dispatcher.js:96:14)
}
Call log:
-   - waiting for getByRole(AriaRole.BUTTON, new Page.GetByRoleOptions().setName("New Window"))

at com.microsoft.playwright.impl.WaitableResult.get(WaitableResult.java:56)
at com.microsoft.playwright.impl.ChannelOwner.runUntil(ChannelOwner.java:132)
at com.microsoft.playwright.impl.Connection.sendMessage(Connection.java:130)
at com.microsoft.playwright.impl.ChannelOwner.sendMessage(ChannelOwner.java:118)
at com.microsoft.playwright.impl.FrameImpl.clickImpl(FrameImpl.java:252)
at com.microsoft.playwright.impl.FrameImpl.lambda$click$8(FrameImpl.java:243)
at com.microsoft.playwright.impl.LoggingSupport.lambda$withLogging$0(LoggingSupport.java:36)
at com.microsoft.playwright.impl.LoggingSupport.withLogging(LoggingSupport.java:47)
at com.microsoft.playwright.impl.ChannelOwner.withLogging(ChannelOwner.java:97)
at com.microsoft.playwright.impl.LoggingSupport.withLogging(LoggingSupport.java:35)
at com.microsoft.playwright.impl.FrameImpl.click(FrameImpl.java:243)
at com.microsoft.playwright.impl.LocatorImpl.click(LocatorImpl.java:175)
at com.microsoft.playwright.Locator.click(Locator.java:2493)
at com.demoqa.automation.pages.BrowserWindowsPage.lambda$openNewWindow$1(BrowserWindowsPage.java:26)
at com.microsoft.playwright.impl.ChannelOwner.runUntil(ChannelOwner.java:128)
at com.microsoft.playwright.impl.PageImpl.waitForEventWithTimeout(PageImpl.java:535)
at com.microsoft.playwright.impl.PageImpl.waitForPopupImpl(PageImpl.java:503)
at com.microsoft.playwright.impl.PageImpl.lambda$waitForPopup$4(PageImpl.java:496)
at com.microsoft.playwright.impl.WaitForEventLogger.lambda$get$0(WaitForEventLogger.java:50)
at com.microsoft.playwright.impl.LoggingSupport.withLogging(LoggingSupport.java:47)
at com.microsoft.playwright.impl.ChannelOwner.withLogging(ChannelOwner.java:97)
at com.microsoft.playwright.impl.WaitForEventLogger.get(WaitForEventLogger.java:41)
at com.microsoft.playwright.impl.ChannelOwner.withWaitLogging(ChannelOwner.java:87)
at com.microsoft.playwright.impl.PageImpl.waitForPopup(PageImpl.java:496)
at com.microsoft.playwright.Page.waitForPopup(Page.java:7895)
at com.demoqa.automation.pages.BrowserWindowsPage.openNewWindow(BrowserWindowsPage.java:24)
at com.demoqa.automation.tests.BrowserWindowsTest.shouldOpenNewWindow(BrowserWindowsTest.java:23)
at java.base/java.util.ArrayList.forEach(ArrayList.java:1511)
Caused by: com.microsoft.playwright.impl.DriverException: Error {
  message='Error: strict mode violation: getByRole(AriaRole.BUTTON, new Page.GetByRoleOptions().setName("New Window")) resolved to 2 elements:
    1) <button type="button" id="windowButton" class="mt-4 btn btn-primary">New Window</button> aka getByRole(AriaRole.BUTTON, new Page.GetByRoleOptions().setName("New Window").setExact(true))
    2) <button type="button" class="btn btn-primary" id="messageWindowButton">New Window Message</button> aka getByRole(AriaRole.BUTTON, new Page.GetByRoleOptions().setName("New Window Message"))

  name='Error
  stack='Error: Error: strict mode violation: getByRole(AriaRole.BUTTON, new Page.GetByRoleOptions().setName("New Window")) resolved to 2 elements:
    1) <button type="button" id="windowButton" class="mt-4 btn btn-primary">New Window</button> aka getByRole(AriaRole.BUTTON, new Page.GetByRoleOptions().setName("New Window").setExact(true))
    2) <button type="button" class="btn btn-primary" id="messageWindowButton">New Window Message</button> aka getByRole(AriaRole.BUTTON, new Page.GetByRoleOptions().setName("New Window Message"))

    at CRExecutionContext.evaluateWithArguments (C:\Users\RNANDI~1\AppData\Local\Temp\playwright-java-2743562310083304328\package\lib\server\chromium\crExecutionContext.js:79:33)
    at async LongStandingScope._race (C:\Users\RNANDI~1\AppData\Local\Temp\playwright-java-2743562310083304328\package\lib\utils\manualPromise.js:96:14)
    at async evaluateExpression (C:\Users\RNANDI~1\AppData\Local\Temp\playwright-java-2743562310083304328\package\lib\server\javascript.js:229:12)
    at async C:\Users\RNANDI~1\AppData\Local\Temp\playwright-java-2743562310083304328\package\lib\server\frames.js:965:22
    at async Frame.retryWithProgressAndTimeouts (C:\Users\RNANDI~1\AppData\Local\Temp\playwright-java-2743562310083304328\package\lib\server\frames.js:935:24)
    at async C:\Users\RNANDI~1\AppData\Local\Temp\playwright-java-2743562310083304328\package\lib\server\frames.js:1023:29
    at async ProgressController.run (C:\Users\RNANDI~1\AppData\Local\Temp\playwright-java-2743562310083304328\package\lib\server\progress.js:79:22)
    at async FrameDispatcher.click (C:\Users\RNANDI~1\AppData\Local\Temp\playwright-java-2743562310083304328\package\lib\server\dispatchers\frameDispatcher.js:158:12)
    at async LongStandingScope._race (C:\Users\RNANDI~1\AppData\Local\Temp\playwright-java-2743562310083304328\package\lib\utils\manualPromise.js:96:14)
    at async FrameDispatcher._handleCommand (C:\Users\RNANDI~1\AppData\Local\Temp\playwright-java-2743562310083304328\package\lib\server\dispatchers\dispatcher.js:96:14)
}
Call log:
-   - waiting for getByRole(AriaRole.BUTTON, new Page.GetByRoleOptions().setName("New Window"))

at com.microsoft.playwright.impl.Connection.dispatch(Connection.java:259)
at com.microsoft.playwright.impl.Connection.processOneMessage(Connection.java:211)
at com.microsoft.playwright.impl.ChannelOwner.runUntil(ChannelOwner.java:130)
... 57 more
... Removed 31 stack frames]]>
    </failure>
  </testcase> <!-- shouldOpenNewWindow -->
  <testcase classname="com.demoqa.automation.tests.BrowserWindowsTest" name="shouldOpenNewWindowMessage" time="0.511"/>
</testsuite> <!-- Browser Windows Tests -->
