-------------------------------------------------------------------------------
Test set: com.automation.tests.BingMapsDirectionsTest
-------------------------------------------------------------------------------
Tests run: 1, Failures: 1, Errors: 0, Skipped: 0, Time elapsed: 95.69 s <<< FAILURE! -- in com.automation.tests.BingMapsDirectionsTest
com.automation.tests.BingMapsDirectionsTest.searchBangaloreAndViewDirections -- Time elapsed: 43.05 s <<< FAILURE!
com.microsoft.playwright.TimeoutError: 
Error {
  message='Timeout 30000ms exceeded.
  name='TimeoutError
  stack='TimeoutError: Timeout 30000ms exceeded.
    at ProgressController.run (C:\Users\RNANDI~1\AppData\Local\Temp\playwright-java-1897814121499250084\package\lib\server\progress.js:75:26)
    at Frame.waitForSelector (C:\Users\RNANDI~1\AppData\Local\Temp\playwright-java-1897814121499250084\package\lib\server\frames.js:629:23)
    at FrameDispatcher.waitForSelector (C:\Users\RNANDI~1\AppData\Local\Temp\playwright-java-1897814121499250084\package\lib\server\dispatchers\frameDispatcher.js:106:103)
    at FrameDispatcher._handleCommand (C:\Users\RNANDI~1\AppData\Local\Temp\playwright-java-1897814121499250084\package\lib\server\dispatchers\dispatcher.js:94:40)
    at DispatcherConnection.dispatch (C:\Users\RNANDI~1\AppData\Local\Temp\playwright-java-1897814121499250084\package\lib\server\dispatchers\dispatcher.js:361:39)
}
Call log:
-   - waiting for locator("button:has-text('View directions'), button:has-text('Get directions'), [role='button']:has-text('View directions'), [role='button']:has-text('Get directions'), a:has-text('View directions'), a:has-text('Get directions'), [aria-label*='View directions'], [aria-label*='Get directions']").first() to be visible

	at com.microsoft.playwright.impl.WaitableResult.get(WaitableResult.java:52)
	at com.microsoft.playwright.impl.ChannelOwner.runUntil(ChannelOwner.java:132)
	at com.microsoft.playwright.impl.Connection.sendMessage(Connection.java:130)
	at com.microsoft.playwright.impl.ChannelOwner.sendMessage(ChannelOwner.java:118)
	at com.microsoft.playwright.impl.FrameImpl.waitForSelectorImpl(FrameImpl.java:1060)
	at com.microsoft.playwright.impl.LocatorImpl.lambda$waitForImpl$8(LocatorImpl.java:634)
	at com.microsoft.playwright.impl.LoggingSupport.withLogging(LoggingSupport.java:47)
	at com.microsoft.playwright.impl.ChannelOwner.withLogging(ChannelOwner.java:97)
	at com.microsoft.playwright.impl.LocatorImpl.waitForImpl(LocatorImpl.java:634)
	at com.microsoft.playwright.impl.LocatorImpl.waitFor(LocatorImpl.java:630)
	at com.automation.pages.BingMapsPage.viewDirections(BingMapsPage.java:78)
	at com.automation.tests.BingMapsDirectionsTest.searchBangaloreAndViewDirections(BingMapsDirectionsTest.java:25)
	at java.base/jdk.internal.reflect.NativeMethodAccessorImpl.invoke0(Native Method)
	at java.base/jdk.internal.reflect.NativeMethodAccessorImpl.invoke(NativeMethodAccessorImpl.java:77)
	at java.base/jdk.internal.reflect.DelegatingMethodAccessorImpl.invoke(DelegatingMethodAccessorImpl.java:43)
	at java.base/java.lang.reflect.Method.invoke(Method.java:569)
	at org.testng.internal.invokers.MethodInvocationHelper.invokeMethod(MethodInvocationHelper.java:139)
	at org.testng.internal.invokers.TestInvoker.invokeMethod(TestInvoker.java:664)
	at org.testng.internal.invokers.TestInvoker.invokeTestMethod(TestInvoker.java:227)
	at org.testng.internal.invokers.MethodRunner.runInSequence(MethodRunner.java:50)
	at org.testng.internal.invokers.TestInvoker$MethodInvocationAgent.invoke(TestInvoker.java:957)
	at org.testng.internal.invokers.TestInvoker.invokeTestMethods(TestInvoker.java:200)
	at org.testng.internal.invokers.TestMethodWorker.invokeTestMethods(TestMethodWorker.java:148)
	at org.testng.internal.invokers.TestMethodWorker.run(TestMethodWorker.java:128)
	at java.base/java.util.ArrayList.forEach(ArrayList.java:1511)
	at org.testng.TestRunner.privateRun(TestRunner.java:848)
	at org.testng.TestRunner.run(TestRunner.java:621)
	at org.testng.SuiteRunner.runTest(SuiteRunner.java:443)
	at org.testng.SuiteRunner.runSequentially(SuiteRunner.java:437)
	at org.testng.SuiteRunner.privateRun(SuiteRunner.java:397)
	at org.testng.SuiteRunner.run(SuiteRunner.java:336)
	at org.testng.SuiteRunnerWorker.runSuite(SuiteRunnerWorker.java:52)
	at org.testng.SuiteRunnerWorker.run(SuiteRunnerWorker.java:95)
	at org.testng.TestNG.runSuitesSequentially(TestNG.java:1280)
	at org.testng.TestNG.runSuitesLocally(TestNG.java:1200)
	at org.testng.TestNG.runSuites(TestNG.java:1114)
	at org.testng.TestNG.run(TestNG.java:1082)
	at org.apache.maven.surefire.testng.TestNGExecutor.run(TestNGExecutor.java:155)
	at org.apache.maven.surefire.testng.TestNGDirectoryTestSuite.executeSingleClass(TestNGDirectoryTestSuite.java:102)
	at org.apache.maven.surefire.testng.TestNGDirectoryTestSuite.execute(TestNGDirectoryTestSuite.java:91)
	at org.apache.maven.surefire.testng.TestNGProvider.invoke(TestNGProvider.java:137)
	at org.apache.maven.surefire.booter.ForkedBooter.runSuitesInProcess(ForkedBooter.java:385)
	at org.apache.maven.surefire.booter.ForkedBooter.execute(ForkedBooter.java:162)
	at org.apache.maven.surefire.booter.ForkedBooter.run(ForkedBooter.java:507)
	at org.apache.maven.surefire.booter.ForkedBooter.main(ForkedBooter.java:495)
Caused by: com.microsoft.playwright.TimeoutError: Error {
  message='Timeout 30000ms exceeded.
  name='TimeoutError
  stack='TimeoutError: Timeout 30000ms exceeded.
    at ProgressController.run (C:\Users\RNANDI~1\AppData\Local\Temp\playwright-java-1897814121499250084\package\lib\server\progress.js:75:26)
    at Frame.waitForSelector (C:\Users\RNANDI~1\AppData\Local\Temp\playwright-java-1897814121499250084\package\lib\server\frames.js:629:23)
    at FrameDispatcher.waitForSelector (C:\Users\RNANDI~1\AppData\Local\Temp\playwright-java-1897814121499250084\package\lib\server\dispatchers\frameDispatcher.js:106:103)
    at FrameDispatcher._handleCommand (C:\Users\RNANDI~1\AppData\Local\Temp\playwright-java-1897814121499250084\package\lib\server\dispatchers\dispatcher.js:94:40)
    at DispatcherConnection.dispatch (C:\Users\RNANDI~1\AppData\Local\Temp\playwright-java-1897814121499250084\package\lib\server\dispatchers\dispatcher.js:361:39)
}
Call log:
-   - waiting for locator("button:has-text('View directions'), button:has-text('Get directions'), [role='button']:has-text('View directions'), [role='button']:has-text('Get directions'), a:has-text('View directions'), a:has-text('Get directions'), [aria-label*='View directions'], [aria-label*='Get directions']").first() to be visible

	at com.microsoft.playwright.impl.Connection.dispatch(Connection.java:254)
	at com.microsoft.playwright.impl.Connection.processOneMessage(Connection.java:211)
	at com.microsoft.playwright.impl.ChannelOwner.runUntil(ChannelOwner.java:130)
	... 43 more

