<?xml version="1.0" encoding="UTF-8"?>
<testsuite xmlns:xsi="http://www.w3.org/2001/XMLSchema-instance" xsi:noNamespaceSchemaLocation="https://maven.apache.org/surefire/maven-surefire-plugin/xsd/surefire-test-report-3.0.xsd" version="3.0" name="com.automation.tests.BingMapsDirectionsTest" time="95.694" tests="1" errors="0" skipped="0" failures="1">
  <properties>
[...]
</properties>
  <testcase name="searchBangaloreAndViewDirections" classname="com.automation.tests.BingMapsDirectionsTest" time="43.049">
    <failure message="Error {&#10;  message=&apos;Timeout 30000ms exceeded.&#10;  name=&apos;TimeoutError&#10;  stack=&apos;TimeoutError: Timeout 30000ms exceeded.&#10;    at ProgressController.run (C:\Users\RNANDI~1\AppData\Local\Temp\playwright-java-1897814121499250084\package\lib\server\progress.js:75:26)&#10;    at Frame.waitForSelector (C:\Users\RNANDI~1\AppData\Local\Temp\playwright-java-1897814121499250084\package\lib\server\frames.js:629:23)&#10;    at FrameDispatcher.waitForSelector (C:\Users\RNANDI~1\AppData\Local\Temp\playwright-java-1897814121499250084\package\lib\server\dispatchers\frameDispatcher.js:106:103)&#10;    at FrameDispatcher._handleCommand (C:\Users\RNANDI~1\AppData\Local\Temp\playwright-java-1897814121499250084\package\lib\server\dispatchers\dispatcher.js:94:40)&#10;    at DispatcherConnection.dispatch (C:\Users\RNANDI~1\AppData\Local\Temp\playwright-java-1897814121499250084\package\lib\server\dispatchers\dispatcher.js:361:39)&#10;}&#10;Call log:&#10;-   - waiting for locator(&quot;button:has-text(&apos;View directions&apos;), button:has-text(&apos;Get directions&apos;), [role=&apos;button&apos;]:has-text(&apos;View directions&apos;), [role=&apos;button&apos;]:has-text(&apos;Get directions&apos;), a:has-text(&apos;View directions&apos;), a:has-text(&apos;Get directions&apos;), [aria-label*=&apos;View directions&apos;], [aria-label*=&apos;Get directions&apos;]&quot;).first() to be visible&#10;" type="com.microsoft.playwright.TimeoutError"><![CDATA[com.microsoft.playwright.TimeoutError: 
Error {
  message='Timeout 30000ms exceeded.
  name='TimeoutError
  stack='TimeoutError: Timeout 30000ms exceeded.
    at ProgressController.run (C:\Users\RNANDI~1\AppData\Local\Temp\playwright-java-1897814121499250084\package\lib\server\progress.js:75:26)
    at Frame.waitForSelector (C:\Users\RNANDI~1\AppData\Local\Temp\playwright-java-1897814121499250084\package\lib\server\frames.js:629:23)
    at FrameDispatcher.waitForSelector (C:\Users\RNANDI~1\AppData\Local\Temp\playwright-java-1897814121499250084\package\lib\server\dispatchers\frameDispatcher.js:106:103)
    at FrameDispatcher._handleCommand (C:\Users\RNANDI~1\AppData\Local\Temp\playwright-java-1897814121499250084\package\lib\server\dispatchers\dispatcher.js:94:40)
    at DispatcherConnection.dispatch (C:\Users\RNANDI~1\AppData\Local\Temp\playwright-java-1897814121499250084\package\lib\server\dispatchers\dispatcher.js:361:39)
}
Call log:
-   - waiting for locator("button:has-text('View directions'), button:has-text('Get directions'), [role='button']:has-text('View directions'), [role='button']:has-text('Get directions'), a:has-text('View directions'), a:has-text('Get directions'), [aria-label*='View directions'], [aria-label*='Get directions']").first() to be visible

	at com.microsoft.playwright.impl.WaitableResult.get(WaitableResult.java:52)
	at com.microsoft.playwright.impl.ChannelOwner.runUntil(ChannelOwner.java:132)
	at com.microsoft.playwright.impl.Connection.sendMessage(Connection.java:130)
	at com.microsoft.playwright.impl.ChannelOwner.sendMessage(ChannelOwner.java:118)
	at com.microsoft.playwright.impl.FrameImpl.waitForSelectorImpl(FrameImpl.java:1060)
	at com.microsoft.playwright.impl.LocatorImpl.lambda$waitForImpl$8(LocatorImpl.java:634)
	at com.microsoft.playwright.impl.LoggingSupport.withLogging(LoggingSupport.java:47)
	at com.microsoft.playwright.impl.ChannelOwner.withLogging(ChannelOwner.java:97)
	at com.microsoft.playwright.impl.LocatorImpl.waitForImpl(LocatorImpl.java:634)
	at com.microsoft.playwright.impl.LocatorImpl.waitFor(LocatorImpl.java:630)
	at com.automation.pages.BingMapsPage.viewDirections(BingMapsPage.java:78)
	at com.automation.tests.BingMapsDirectionsTest.searchBangaloreAndViewDirections(BingMapsDirectionsTest.java:25)
	at java.base/jdk.internal.reflect.NativeMethodAccessorImpl.invoke0(Native Method)
	at java.base/jdk.internal.reflect.NativeMethodAccessorImpl.invoke(NativeMethodAccessorImpl.java:77)
	at java.base/jdk.internal.reflect.DelegatingMethodAccessorImpl.invoke(DelegatingMethodAccessorImpl.java:43)
	at java.base/java.lang.reflect.Method.invoke(Method.java:569)
	at org.testng.internal.invokers.MethodInvocationHelper.invokeMethod(MethodInvocationHelper.java:139)
	at org.testng.internal.invokers.TestInvoker.invokeMethod(TestInvoker.java:664)
	at org.testng.internal.invokers.TestInvoker.invokeTestMethod(TestInvoker.java:227)
	at org.testng.internal.invokers.MethodRunner.runInSequence(MethodRunner.java:50)
	at org.testng.internal.invokers.TestInvoker$MethodInvocationAgent.invoke(TestInvoker.java:957)
	at org.testng.internal.invokers.TestInvoker.invokeTestMethods(TestInvoker.java:200)
	at org.testng.internal.invokers.TestMethodWorker.invokeTestMethods(TestMethodWorker.java:148)
	at org.testng.internal.invokers.TestMethodWorker.run(TestMethodWorker.java:128)
	at java.base/java.util.ArrayList.forEach(ArrayList.java:1511)
	at org.testng.TestRunner.privateRun(TestRunner.java:848)
	at org.testng.TestRunner.run(TestRunner.java:621)
	at org.testng.SuiteRunner.runTest(SuiteRunner.java:443)
	at org.testng.SuiteRunner.runSequentially(SuiteRunner.java:437)
	at org.testng.SuiteRunner.privateRun(SuiteRunner.java:397)
	at org.testng.SuiteRunner.run(SuiteRunner.java:336)
	at org.testng.SuiteRunnerWorker.runSuite(SuiteRunnerWorker.java:52)
	at org.testng.SuiteRunnerWorker.run(SuiteRunnerWorker.java:95)
	at org.testng.TestNG.runSuitesSequentially(TestNG.java:1280)
	at org.testng.TestNG.runSuitesLocally(TestNG.java:1200)
	at org.testng.TestNG.runSuites(TestNG.java:1114)
	at org.testng.TestNG.run(TestNG.java:1082)
	at org.apache.maven.surefire.testng.TestNGExecutor.run(TestNGExecutor.java:155)
	at org.apache.maven.surefire.testng.TestNGDirectoryTestSuite.executeSingleClass(TestNGDirectoryTestSuite.java:102)
	at org.apache.maven.surefire.testng.TestNGDirectoryTestSuite.execute(TestNGDirectoryTestSuite.java:91)
	at org.apache.maven.surefire.testng.TestNGProvider.invoke(TestNGProvider.java:137)
	at org.apache.maven.surefire.booter.ForkedBooter.runSuitesInProcess(ForkedBooter.java:385)
	at org.apache.maven.surefire.booter.ForkedBooter.execute(ForkedBooter.java:162)
	at org.apache.maven.surefire.booter.ForkedBooter.run(ForkedBooter.java:507)
	at org.apache.maven.surefire.booter.ForkedBooter.main(ForkedBooter.java:495)
Caused by: com.microsoft.playwright.TimeoutError: Error {
  message='Timeout 30000ms exceeded.
  name='TimeoutError
  stack='TimeoutError: Timeout 30000ms exceeded.
    at ProgressController.run (C:\Users\RNANDI~1\AppData\Local\Temp\playwright-java-1897814121499250084\package\lib\server\progress.js:75:26)
    at Frame.waitForSelector (C:\Users\RNANDI~1\AppData\Local\Temp\playwright-java-1897814121499250084\package\lib\server\frames.js:629:23)
    at FrameDispatcher.waitForSelector (C:\Users\RNANDI~1\AppData\Local\Temp\playwright-java-1897814121499250084\package\lib\server\dispatchers\frameDispatcher.js:106:103)
    at FrameDispatcher._handleCommand (C:\Users\RNANDI~1\AppData\Local\Temp\playwright-java-1897814121499250084\package\lib\server\dispatchers\dispatcher.js:94:40)
    at DispatcherConnection.dispatch (C:\Users\RNANDI~1\AppData\Local\Temp\playwright-java-1897814121499250084\package\lib\server\dispatchers\dispatcher.js:361:39)
}
Call log:
-   - waiting for locator("button:has-text('View directions'), button:has-text('Get directions'), [role='button']:has-text('View directions'), [role='button']:has-text('Get directions'), a:has-text('View directions'), a:has-text('Get directions'), [aria-label*='View directions'], [aria-label*='Get directions']").first() to be visible

	at com.microsoft.playwright.impl.Connection.dispatch(Connection.java:254)
	at com.microsoft.playwright.impl.Connection.processOneMessage(Connection.java:211)
	at com.microsoft.playwright.impl.ChannelOwner.runUntil(ChannelOwner.java:130)
	... 43 more
]]></failure>
    <system-out><![CDATA[ERROR StatusConsoleListener Could not create plugin of type class org.apache.logging.log4j.core.appender.RollingFileAppender for element RollingFile
 org.apache.logging.log4j.core.config.ConfigurationException: Configuration has multiple incompatible Appenders pointing to the same resource 'logs/automation.log'
	at org.apache.logging.log4j.core.appender.AbstractManager.narrow(AbstractManager.java:200)
	at org.apache.logging.log4j.core.appender.rolling.RollingFileManager.getFileManager(RollingFileManager.java:217)
	at org.apache.logging.log4j.core.appender.RollingFileAppender$Builder.build(RollingFileAppender.java:135)
	at org.apache.logging.log4j.core.appender.RollingFileAppender$Builder.build(RollingFileAppender.java:62)
	at org.apache.logging.log4j.core.config.plugins.util.PluginBuilder.build(PluginBuilder.java:123)
	at org.apache.logging.log4j.core.config.AbstractConfiguration.createPluginObject(AbstractConfiguration.java:1138)
	at org.apache.logging.log4j.core.config.AbstractConfiguration.createConfiguration(AbstractConfiguration.java:1063)
	at org.apache.logging.log4j.core.config.AbstractConfiguration.createConfiguration(AbstractConfiguration.java:1055)
	at org.apache.logging.log4j.core.config.AbstractConfiguration.doConfigure(AbstractConfiguration.java:664)
	at org.apache.logging.log4j.core.config.AbstractConfiguration.initialize(AbstractConfiguration.java:258)
	at org.apache.logging.log4j.core.config.AbstractConfiguration.start(AbstractConfiguration.java:304)
	at org.apache.logging.log4j.core.LoggerContext.setConfiguration(LoggerContext.java:621)
	at org.apache.logging.log4j.core.LoggerContext.reconfigure(LoggerContext.java:694)
	at org.apache.logging.log4j.core.LoggerContext.reconfigure(LoggerContext.java:711)
	at org.apache.logging.log4j.core.LoggerContext.start(LoggerContext.java:253)
	at org.apache.logging.log4j.core.impl.Log4jContextFactory.getContext(Log4jContextFactory.java:155)
	at org.apache.logging.log4j.core.impl.Log4jContextFactory.getContext(Log4jContextFactory.java:47)
	at org.apache.logging.log4j.LogManager.getContext(LogManager.java:196)
	at org.apache.logging.log4j.spi.AbstractLoggerAdapter.getContext(AbstractLoggerAdapter.java:137)
	at org.apache.logging.slf4j.Log4jLoggerFactory.getContext(Log4jLoggerFactory.java:61)
	at org.apache.logging.log4j.spi.AbstractLoggerAdapter.getLogger(AbstractLoggerAdapter.java:47)
	at org.apache.logging.slf4j.Log4jLoggerFactory.getLogger(Log4jLoggerFactory.java:33)
	at org.slf4j.LoggerFactory.getLogger(LoggerFactory.java:363)
	at org.slf4j.LoggerFactory.getLogger(LoggerFactory.java:388)
	at org.testng.log4testng.Logger.lambda$getLogger$0(Logger.java:30)
	at java.base/java.util.concurrent.ConcurrentHashMap.computeIfAbsent(ConcurrentHashMap.java:1708)
	at org.testng.log4testng.Logger.getLogger(Logger.java:30)
	at org.testng.TestNG.<clinit>(TestNG.java:113)
	at org.apache.maven.surefire.testng.TestNGExecutor.run(TestNGExecutor.java:102)
	at org.apache.maven.surefire.testng.TestNGDirectoryTestSuite.executeSingleClass(TestNGDirectoryTestSuite.java:102)
	at org.apache.maven.surefire.testng.TestNGDirectoryTestSuite.execute(TestNGDirectoryTestSuite.java:91)
	at org.apache.maven.surefire.testng.TestNGProvider.invoke(TestNGProvider.java:137)
	at org.apache.maven.surefire.booter.ForkedBooter.runSuitesInProcess(ForkedBooter.java:385)
	at org.apache.maven.surefire.booter.ForkedBooter.execute(ForkedBooter.java:162)
	at org.apache.maven.surefire.booter.ForkedBooter.run(ForkedBooter.java:507)
	at org.apache.maven.surefire.booter.ForkedBooter.main(ForkedBooter.java:495)
ERROR StatusConsoleListener Null object returned for RollingFile in Appenders.
ERROR StatusConsoleListener Unable to locate appender "RollingFile" for logger config "root"
2026-08-31 21:21:23 [main] INFO  com.automation.base.BaseTest - ========== Test Setup Started ==========
2026-08-31 21:21:23 [main] INFO  com.automation.utils.ConfigManager - Configuration loaded from: src/test/resources/config.properties
2026-08-31 21:21:23 [main] INFO  com.automation.utils.ConfigManager - Browser configured as: chrome
2026-08-31 21:22:04 [main] INFO  com.automation.utils.ConfigManager - Headless mode: false
2026-08-31 21:22:07 [main] INFO  com.automation.drivers.DriverManager - Playwright initialized for browser: chrome
2026-08-31 21:22:07 [main] INFO  com.automation.utils.ConfigManager - Base URL configured as: https://www.bing.com
2026-08-31 21:22:10 [main] INFO  com.automation.base.BaseTest - Navigated to: https://www.bing.com
2026-08-31 21:22:10 [main] INFO  com.automation.base.BaseTest - ========== Test Setup Completed ==========
2026-08-31 21:22:12 [main] INFO  com.automation.pages.BingMapsPage - Bing Maps page opened: https://www.bing.com/maps
2026-08-31 21:22:12 [main] INFO  com.automation.base.BaseTest - Assertion passed: Bing Maps page should open
2026-08-31 21:22:20 [main] INFO  com.automation.pages.BingMapsPage - Searched Bing Maps for: Bangalore
2026-08-31 21:22:20 [main] INFO  com.automation.base.BaseTest - Assertion passed: Bangalore should be displayed on the map
2026-08-31 21:22:22 [main] INFO  com.automation.pages.BingMapsPage - Bing Maps Directions opened
2026-08-31 21:22:22 [main] INFO  com.automation.base.BaseTest - Assertion passed: Directions page should open
2026-08-31 21:22:22 [main] INFO  com.automation.pages.BingMapsPage - Point A entered: Whitefield, 291/4, Railway Station Road, Bengaluru East
2026-08-31 21:22:23 [main] INFO  com.automation.pages.BingMapsPage - Point B entered: Kempegowda Metro Station, Majestic, 7, Thotadappa Road, Bengaluru North
]]></system-out>
  </testcase>
</testsuite>