<?xml version="1.0" encoding="UTF-8"?>
<testsuite xmlns:xsi="http://www.w3.org/2001/XMLSchema-instance" xsi:noNamespaceSchemaLocation="https://maven.apache.org/surefire/maven-surefire-plugin/xsd/surefire-test-report-3.0.xsd" version="3.0" name="TestSuite" time="291.991" tests="7" errors="0" skipped="0" failures="0">
  <properties>
[...]
</properties>
  <testcase name="testBingPageLoads" classname="com.automation.tests.BingSearchTest" time="15.256">
    <system-out><![CDATA[ERROR StatusConsoleListener Could not create plugin of type class org.apache.logging.log4j.core.appender.RollingFileAppender for element RollingFile
 org.apache.logging.log4j.core.config.ConfigurationException: Configuration has multiple incompatible Appenders pointing to the same resource 'logs/automation.log'
	at org.apache.logging.log4j.core.appender.AbstractManager.narrow(AbstractManager.java:200)
	at org.apache.logging.log4j.core.appender.rolling.RollingFileManager.getFileManager(RollingFileManager.java:217)
	at org.apache.logging.log4j.core.appender.RollingFileAppender$Builder.build(RollingFileAppender.java:135)
	at org.apache.logging.log4j.core.appender.RollingFileAppender$Builder.build(RollingFileAppender.java:62)
	at org.apache.logging.log4j.core.config.plugins.util.PluginBuilder.build(PluginBuilder.java:123)
	at org.apache.logging.log4j.core.config.AbstractConfiguration.createPluginObject(AbstractConfiguration.java:1138)
	at org.apache.logging.log4j.core.config.AbstractConfiguration.createConfiguration(AbstractConfiguration.java:1063)
	at org.apache.logging.log4j.core.config.AbstractConfiguration.createConfiguration(AbstractConfiguration.java:1055)
	at org.apache.logging.log4j.core.config.AbstractConfiguration.doConfigure(AbstractConfiguration.java:664)
	at org.apache.logging.log4j.core.config.AbstractConfiguration.initialize(AbstractConfiguration.java:258)
	at org.apache.logging.log4j.core.config.AbstractConfiguration.start(AbstractConfiguration.java:304)
	at org.apache.logging.log4j.core.LoggerContext.setConfiguration(LoggerContext.java:621)
	at org.apache.logging.log4j.core.LoggerContext.reconfigure(LoggerContext.java:694)
	at org.apache.logging.log4j.core.LoggerContext.reconfigure(LoggerContext.java:711)
	at org.apache.logging.log4j.core.LoggerContext.start(LoggerContext.java:253)
	at org.apache.logging.log4j.core.impl.Log4jContextFactory.getContext(Log4jContextFactory.java:155)
	at org.apache.logging.log4j.core.impl.Log4jContextFactory.getContext(Log4jContextFactory.java:47)
	at org.apache.logging.log4j.LogManager.getContext(LogManager.java:196)
	at org.apache.logging.log4j.spi.AbstractLoggerAdapter.getContext(AbstractLoggerAdapter.java:137)
	at org.apache.logging.slf4j.Log4jLoggerFactory.getContext(Log4jLoggerFactory.java:61)
	at org.apache.logging.log4j.spi.AbstractLoggerAdapter.getLogger(AbstractLoggerAdapter.java:47)
	at org.apache.logging.slf4j.Log4jLoggerFactory.getLogger(Log4jLoggerFactory.java:33)
	at org.slf4j.LoggerFactory.getLogger(LoggerFactory.java:363)
	at org.slf4j.LoggerFactory.getLogger(LoggerFactory.java:388)
	at org.testng.log4testng.Logger.lambda$getLogger$0(Logger.java:30)
	at java.base/java.util.concurrent.ConcurrentHashMap.computeIfAbsent(ConcurrentHashMap.java:1708)
	at org.testng.log4testng.Logger.getLogger(Logger.java:30)
	at org.testng.TestNG.<clinit>(TestNG.java:113)
	at org.apache.maven.surefire.testng.TestNGExecutor.run(TestNGExecutor.java:297)
	at org.apache.maven.surefire.testng.TestNGXmlTestSuite.execute(TestNGXmlTestSuite.java:71)
	at org.apache.maven.surefire.testng.TestNGProvider.invoke(TestNGProvider.java:113)
	at org.apache.maven.surefire.booter.ForkedBooter.runSuitesInProcess(ForkedBooter.java:385)
	at org.apache.maven.surefire.booter.ForkedBooter.execute(ForkedBooter.java:162)
	at org.apache.maven.surefire.booter.ForkedBooter.run(ForkedBooter.java:507)
	at org.apache.maven.surefire.booter.ForkedBooter.main(ForkedBooter.java:495)
ERROR StatusConsoleListener Null object returned for RollingFile in Appenders.
ERROR StatusConsoleListener Unable to locate appender "RollingFile" for logger config "root"
...
... TestNG 7.8.0 by Cédric Beust (cedric@beust.com)
...

2026-08-31 23:00:48 [TestNG-test=Smoke Tests-1] INFO  com.automation.base.BaseTest - ========== Test Setup Started ==========
2026-08-31 23:00:48 [TestNG-test=Smoke Tests-1] INFO  com.automation.utils.ConfigManager - Configuration loaded from: src/test/resources/config.properties
2026-08-31 23:00:48 [TestNG-test=Smoke Tests-1] INFO  com.automation.utils.ConfigManager - Browser configured as: chrome
2026-08-31 23:01:16 [TestNG-test=Smoke Tests-1] INFO  com.automation.utils.ConfigManager - Headless mode: false
2026-08-31 23:01:19 [TestNG-test=Smoke Tests-1] INFO  com.automation.drivers.DriverManager - Playwright initialized for browser: chrome
2026-08-31 23:01:19 [TestNG-test=Smoke Tests-1] INFO  com.automation.utils.ConfigManager - Base URL configured as: https://www.bing.com
2026-08-31 23:01:21 [TestNG-test=Smoke Tests-1] INFO  com.automation.base.BaseTest - Navigated to: https://www.bing.com
2026-08-31 23:01:21 [TestNG-test=Smoke Tests-1] INFO  com.automation.base.BaseTest - ========== Test Setup Completed ==========
2026-08-31 23:01:22 [TestNG-test=Smoke Tests-1] INFO  com.automation.tests.BingSearchTest - Starting test: testBingPageLoads
2026-08-31 23:01:22 [TestNG-test=Smoke Tests-1] INFO  com.automation.base.BaseTest - Pausing for 15 seconds before validation: Bing page loaded
2026-08-31 23:01:37 [TestNG-test=Smoke Tests-1] INFO  com.automation.pages.BingSearchPage - Bing page verified - search box is visible
2026-08-31 23:01:37 [TestNG-test=Smoke Tests-1] INFO  com.automation.base.BaseTest - Assertion passed: Bing page should be loaded
2026-08-31 23:01:37 [TestNG-test=Smoke Tests-1] INFO  com.automation.tests.BingSearchTest - Test completed: testBingPageLoads
]]></system-out>
  </testcase>
  <testcase name="testBingPageLoads" classname="com.automation.tests.BingSearchTest" time="15.225">
    <system-out><![CDATA[2026-08-31 23:01:37 [TestNG-test=Smoke Tests-1] INFO  com.automation.base.BaseTest - ========== Test Teardown Started ==========
2026-08-31 23:01:38 [TestNG-test=Smoke Tests-1] INFO  com.automation.drivers.DriverManager - Playwright closed and removed from ThreadLocal
2026-08-31 23:01:38 [TestNG-test=Smoke Tests-1] INFO  com.automation.base.BaseTest - Playwright closed successfully
2026-08-31 23:01:38 [TestNG-test=Smoke Tests-1] INFO  com.automation.base.BaseTest - ========== Test Teardown Completed ==========
2026-08-31 23:01:38 [TestNG-test=Regression Tests-1] INFO  com.automation.base.BaseTest - ========== Test Setup Started ==========
2026-08-31 23:01:38 [TestNG-test=Regression Tests-1] INFO  com.automation.utils.ConfigManager - Browser configured as: chrome
2026-08-31 23:01:40 [TestNG-test=Regression Tests-1] INFO  com.automation.utils.ConfigManager - Headless mode: false
2026-08-31 23:01:43 [TestNG-test=Regression Tests-1] INFO  com.automation.drivers.DriverManager - Playwright initialized for browser: chrome
2026-08-31 23:01:43 [TestNG-test=Regression Tests-1] INFO  com.automation.utils.ConfigManager - Base URL configured as: https://www.bing.com
2026-08-31 23:01:46 [TestNG-test=Regression Tests-1] INFO  com.automation.base.BaseTest - Navigated to: https://www.bing.com
2026-08-31 23:01:46 [TestNG-test=Regression Tests-1] INFO  com.automation.base.BaseTest - ========== Test Setup Completed ==========
2026-08-31 23:01:46 [TestNG-test=Regression Tests-1] INFO  com.automation.tests.BingSearchTest - Starting test: testBingPageLoads
2026-08-31 23:01:46 [TestNG-test=Regression Tests-1] INFO  com.automation.base.BaseTest - Pausing for 15 seconds before validation: Bing page loaded
2026-08-31 23:02:01 [TestNG-test=Regression Tests-1] INFO  com.automation.pages.BingSearchPage - Bing page verified - search box is visible
2026-08-31 23:02:01 [TestNG-test=Regression Tests-1] INFO  com.automation.base.BaseTest - Assertion passed: Bing page should be loaded
2026-08-31 23:02:01 [TestNG-test=Regression Tests-1] INFO  com.automation.tests.BingSearchTest - Test completed: testBingPageLoads
]]></system-out>
  </testcase>
  <testcase name="testBingSearch" classname="com.automation.tests.BingSearchTest" time="33.3">
    <system-out><![CDATA[2026-08-31 23:02:01 [TestNG-test=Regression Tests-1] INFO  com.automation.base.BaseTest - ========== Test Teardown Started ==========
2026-08-31 23:02:02 [TestNG-test=Regression Tests-1] INFO  com.automation.drivers.DriverManager - Playwright closed and removed from ThreadLocal
2026-08-31 23:02:02 [TestNG-test=Regression Tests-1] INFO  com.automation.base.BaseTest - Playwright closed successfully
2026-08-31 23:02:02 [TestNG-test=Regression Tests-1] INFO  com.automation.base.BaseTest - ========== Test Teardown Completed ==========
2026-08-31 23:02:02 [TestNG-test=Regression Tests-1] INFO  com.automation.base.BaseTest - ========== Test Setup Started ==========
2026-08-31 23:02:02 [TestNG-test=Regression Tests-1] INFO  com.automation.utils.ConfigManager - Browser configured as: chrome
2026-08-31 23:02:04 [TestNG-test=Regression Tests-1] INFO  com.automation.utils.ConfigManager - Headless mode: false
2026-08-31 23:02:07 [TestNG-test=Regression Tests-1] INFO  com.automation.drivers.DriverManager - Playwright initialized for browser: chrome
2026-08-31 23:02:07 [TestNG-test=Regression Tests-1] INFO  com.automation.utils.ConfigManager - Base URL configured as: https://www.bing.com
2026-08-31 23:02:12 [TestNG-test=Regression Tests-1] INFO  com.automation.base.BaseTest - Navigated to: https://www.bing.com
2026-08-31 23:02:12 [TestNG-test=Regression Tests-1] INFO  com.automation.base.BaseTest - ========== Test Setup Completed ==========
2026-08-31 23:02:12 [TestNG-test=Regression Tests-1] INFO  com.automation.tests.BingSearchTest - Starting test: testBingSearch
2026-08-31 23:02:12 [TestNG-test=Regression Tests-1] INFO  com.automation.pages.BingSearchPage - Searching for: Selenium WebDriver
2026-08-31 23:02:14 [TestNG-test=Regression Tests-1] INFO  com.automation.pages.BingSearchPage - Search results loaded successfully
2026-08-31 23:02:14 [TestNG-test=Regression Tests-1] INFO  com.automation.base.BaseTest - Pausing for 15 seconds before validation: Bing search results displayed
2026-08-31 23:02:29 [TestNG-test=Regression Tests-1] INFO  com.automation.pages.BingSearchPage - Search results visibility: true
2026-08-31 23:02:29 [TestNG-test=Regression Tests-1] INFO  com.automation.base.BaseTest - Assertion passed: Bing search results should be displayed
2026-08-31 23:02:29 [TestNG-test=Regression Tests-1] INFO  com.automation.pages.BingSearchPage - Retrieved page title: Selenium WebDriver - Search
2026-08-31 23:02:29 [TestNG-test=Regression Tests-1] INFO  com.automation.base.BaseTest - Pausing for 15 seconds before validation: Bing page title contains search query
2026-08-31 23:02:44 [TestNG-test=Regression Tests-1] INFO  com.automation.base.BaseTest - Assertion passed: Bing page title should contain: Selenium WebDriver
2026-08-31 23:02:44 [TestNG-test=Regression Tests-1] INFO  com.automation.tests.BingSearchTest - Test completed: testBingSearch
]]></system-out>
  </testcase>
  <testcase name="testBingSearchMultipleKeywords" classname="com.automation.tests.BingSearchTest" time="44.46">
    <system-out><![CDATA[2026-08-31 23:02:44 [TestNG-test=Regression Tests-1] INFO  com.automation.base.BaseTest - ========== Test Teardown Started ==========
2026-08-31 23:02:47 [TestNG-test=Regression Tests-1] INFO  com.automation.drivers.DriverManager - Playwright closed and removed from ThreadLocal
2026-08-31 23:02:47 [TestNG-test=Regression Tests-1] INFO  com.automation.base.BaseTest - Playwright closed successfully
2026-08-31 23:02:47 [TestNG-test=Regression Tests-1] INFO  com.automation.base.BaseTest - ========== Test Teardown Completed ==========
2026-08-31 23:02:47 [TestNG-test=Regression Tests-1] INFO  com.automation.base.BaseTest - ========== Test Setup Started ==========
2026-08-31 23:02:47 [TestNG-test=Regression Tests-1] INFO  com.automation.utils.ConfigManager - Browser configured as: chrome
2026-08-31 23:02:49 [TestNG-test=Regression Tests-1] INFO  com.automation.utils.ConfigManager - Headless mode: false
2026-08-31 23:02:52 [TestNG-test=Regression Tests-1] INFO  com.automation.drivers.DriverManager - Playwright initialized for browser: chrome
2026-08-31 23:02:52 [TestNG-test=Regression Tests-1] INFO  com.automation.utils.ConfigManager - Base URL configured as: https://www.bing.com
2026-08-31 23:02:54 [TestNG-test=Regression Tests-1] INFO  com.automation.base.BaseTest - Navigated to: https://www.bing.com
2026-08-31 23:02:54 [TestNG-test=Regression Tests-1] INFO  com.automation.base.BaseTest - ========== Test Setup Completed ==========
2026-08-31 23:02:54 [TestNG-test=Regression Tests-1] INFO  com.automation.tests.BingSearchTest - Starting test: testBingSearchMultipleKeywords
2026-08-31 23:02:54 [TestNG-test=Regression Tests-1] INFO  com.automation.pages.BingSearchPage - Searching for: Java Selenium Automation
2026-08-31 23:03:24 [TestNG-test=Regression Tests-1] INFO  com.automation.pages.BingSearchPage - Search results loaded successfully
2026-08-31 23:03:24 [TestNG-test=Regression Tests-1] INFO  com.automation.pages.BingSearchPage - Current search query: Java Selenium Automation
2026-08-31 23:03:24 [TestNG-test=Regression Tests-1] INFO  com.automation.base.BaseTest - Pausing for 15 seconds before validation: Bing search query contains Java
2026-08-31 23:03:39 [TestNG-test=Regression Tests-1] INFO  com.automation.base.BaseTest - Assertion passed: Search query should contain 'Java'
2026-08-31 23:03:39 [TestNG-test=Regression Tests-1] INFO  com.automation.tests.BingSearchTest - Test completed: testBingSearchMultipleKeywords
]]></system-out>
  </testcase>
  <testcase name="testBingHomePageLinks" classname="com.automation.tests.BingSearchTest" time="15.182">
    <system-out><![CDATA[2026-08-31 23:03:39 [TestNG-test=Regression Tests-1] INFO  com.automation.base.BaseTest - ========== Test Teardown Started ==========
2026-08-31 23:03:40 [TestNG-test=Regression Tests-1] INFO  com.automation.drivers.DriverManager - Playwright closed and removed from ThreadLocal
2026-08-31 23:03:40 [TestNG-test=Regression Tests-1] INFO  com.automation.base.BaseTest - Playwright closed successfully
2026-08-31 23:03:40 [TestNG-test=Regression Tests-1] INFO  com.automation.base.BaseTest - ========== Test Teardown Completed ==========
2026-08-31 23:03:40 [TestNG-test=Regression Tests-1] INFO  com.automation.base.BaseTest - ========== Test Setup Started ==========
2026-08-31 23:03:40 [TestNG-test=Regression Tests-1] INFO  com.automation.utils.ConfigManager - Browser configured as: chrome
2026-08-31 23:03:41 [TestNG-test=Regression Tests-1] INFO  com.automation.utils.ConfigManager - Headless mode: false
2026-08-31 23:03:44 [TestNG-test=Regression Tests-1] INFO  com.automation.drivers.DriverManager - Playwright initialized for browser: chrome
2026-08-31 23:03:44 [TestNG-test=Regression Tests-1] INFO  com.automation.utils.ConfigManager - Base URL configured as: https://www.bing.com
2026-08-31 23:03:47 [TestNG-test=Regression Tests-1] INFO  com.automation.base.BaseTest - Navigated to: https://www.bing.com
2026-08-31 23:03:47 [TestNG-test=Regression Tests-1] INFO  com.automation.base.BaseTest - ========== Test Setup Completed ==========
2026-08-31 23:03:47 [TestNG-test=Regression Tests-1] INFO  com.automation.tests.BingSearchTest - Starting test: testBingHomePageLinks
2026-08-31 23:03:47 [TestNG-test=Regression Tests-1] INFO  com.automation.pages.BingSearchPage - Bing home page link count: 63
Bing home page contains 63 links.
2026-08-31 23:03:47 [TestNG-test=Regression Tests-1] INFO  com.automation.base.BaseTest - Pausing for 15 seconds before validation: Bing home page links present
2026-08-31 23:04:02 [TestNG-test=Regression Tests-1] INFO  com.automation.base.BaseTest - Assertion passed: Bing home page should contain at least one link, but found 63
2026-08-31 23:04:02 [TestNG-test=Regression Tests-1] INFO  com.automation.tests.BingSearchTest - Test completed: testBingHomePageLinks
]]></system-out>
  </testcase>
  <testcase name="testBingImagesSearchForMsDhoni" classname="com.automation.tests.BingSearchTest" time="40.713">
    <system-out><![CDATA[2026-08-31 23:04:02 [TestNG-test=Regression Tests-1] INFO  com.automation.base.BaseTest - ========== Test Teardown Started ==========
2026-08-31 23:04:03 [TestNG-test=Regression Tests-1] INFO  com.automation.drivers.DriverManager - Playwright closed and removed from ThreadLocal
2026-08-31 23:04:03 [TestNG-test=Regression Tests-1] INFO  com.automation.base.BaseTest - Playwright closed successfully
2026-08-31 23:04:03 [TestNG-test=Regression Tests-1] INFO  com.automation.base.BaseTest - ========== Test Teardown Completed ==========
2026-08-31 23:04:03 [TestNG-test=Regression Tests-1] INFO  com.automation.base.BaseTest - ========== Test Setup Started ==========
2026-08-31 23:04:03 [TestNG-test=Regression Tests-1] INFO  com.automation.utils.ConfigManager - Browser configured as: chrome
2026-08-31 23:04:06 [TestNG-test=Regression Tests-1] INFO  com.automation.utils.ConfigManager - Headless mode: false
2026-08-31 23:04:09 [TestNG-test=Regression Tests-1] INFO  com.automation.drivers.DriverManager - Playwright initialized for browser: chrome
2026-08-31 23:04:09 [TestNG-test=Regression Tests-1] INFO  com.automation.utils.ConfigManager - Base URL configured as: https://www.bing.com
2026-08-31 23:04:12 [TestNG-test=Regression Tests-1] INFO  com.automation.base.BaseTest - Navigated to: https://www.bing.com
2026-08-31 23:04:12 [TestNG-test=Regression Tests-1] INFO  com.automation.base.BaseTest - ========== Test Setup Completed ==========
2026-08-31 23:04:12 [TestNG-test=Regression Tests-1] INFO  com.automation.tests.BingSearchTest - Starting test: testBingImagesSearchForMsDhoni
2026-08-31 23:04:15 [TestNG-test=Regression Tests-1] INFO  com.automation.pages.BingSearchPage - Bing Images page opened: https://www.bing.com/images
2026-08-31 23:04:15 [TestNG-test=Regression Tests-1] INFO  com.automation.base.BaseTest - Pausing for 15 seconds before validation: Bing Images page should be opened
2026-08-31 23:04:30 [TestNG-test=Regression Tests-1] INFO  com.automation.base.BaseTest - Assertion passed: Bing Images page should be opened
2026-08-31 23:04:33 [TestNG-test=Regression Tests-1] INFO  com.automation.pages.BingSearchPage - Entered Images search query: MS Dhoni
2026-08-31 23:04:37 [TestNG-test=Regression Tests-1] INFO  com.automation.pages.BingSearchPage - Bing Images search submitted
2026-08-31 23:04:37 [TestNG-test=Regression Tests-1] INFO  com.automation.base.BaseTest - Pausing for 15 seconds before validation: Bing Images results should be displayed
2026-08-31 23:04:52 [TestNG-test=Regression Tests-1] INFO  com.automation.base.BaseTest - Assertion passed: Bing Images results should be displayed
2026-08-31 23:04:52 [TestNG-test=Regression Tests-1] INFO  com.automation.base.BaseTest - Assertion passed: Bing Images page should contain 'MS Dhoni'
2026-08-31 23:04:52 [TestNG-test=Regression Tests-1] INFO  com.automation.tests.BingSearchTest - Test completed: testBingImagesSearchForMsDhoni
]]></system-out>
  </testcase>
  <testcase name="searchBangaloreAndViewDirections" classname="com.automation.tests.BingMapsDirectionsTest" time="33.467">
    <system-out><![CDATA[2026-08-31 23:04:52 [TestNG-test=Regression Tests-1] INFO  com.automation.base.BaseTest - ========== Test Teardown Started ==========
2026-08-31 23:04:53 [TestNG-test=Regression Tests-1] INFO  com.automation.drivers.DriverManager - Playwright closed and removed from ThreadLocal
2026-08-31 23:04:53 [TestNG-test=Regression Tests-1] INFO  com.automation.base.BaseTest - Playwright closed successfully
2026-08-31 23:04:53 [TestNG-test=Regression Tests-1] INFO  com.automation.base.BaseTest - ========== Test Teardown Completed ==========
2026-08-31 23:04:53 [TestNG-test=Regression Tests-1] INFO  com.automation.base.BaseTest - ========== Test Setup Started ==========
2026-08-31 23:04:53 [TestNG-test=Regression Tests-1] INFO  com.automation.utils.ConfigManager - Browser configured as: chrome
2026-08-31 23:04:55 [TestNG-test=Regression Tests-1] INFO  com.automation.utils.ConfigManager - Headless mode: false
2026-08-31 23:04:57 [TestNG-test=Regression Tests-1] INFO  com.automation.drivers.DriverManager - Playwright initialized for browser: chrome
2026-08-31 23:04:57 [TestNG-test=Regression Tests-1] INFO  com.automation.utils.ConfigManager - Base URL configured as: https://www.bing.com
2026-08-31 23:05:00 [TestNG-test=Regression Tests-1] INFO  com.automation.base.BaseTest - Navigated to: https://www.bing.com
2026-08-31 23:05:00 [TestNG-test=Regression Tests-1] INFO  com.automation.base.BaseTest - ========== Test Setup Completed ==========
2026-08-31 23:05:01 [TestNG-test=Regression Tests-1] INFO  com.automation.pages.BingMapsPage - Bing Maps page opened: https://www.bing.com/maps?FORM=Z9LH2
2026-08-31 23:05:01 [TestNG-test=Regression Tests-1] INFO  com.automation.base.BaseTest - Assertion passed: Bing Maps page should open
2026-08-31 23:05:07 [TestNG-test=Regression Tests-1] INFO  com.automation.pages.BingMapsPage - Searched Bing Maps for: Bangalore
2026-08-31 23:05:07 [TestNG-test=Regression Tests-1] INFO  com.automation.base.BaseTest - Assertion passed: Bangalore should be displayed on the map
2026-08-31 23:05:07 [TestNG-test=Regression Tests-1] INFO  com.automation.pages.BingMapsPage - Bing Maps Directions opened
2026-08-31 23:05:07 [TestNG-test=Regression Tests-1] INFO  com.automation.base.BaseTest - Assertion passed: Directions page should open
2026-08-31 23:05:09 [TestNG-test=Regression Tests-1] INFO  com.automation.pages.BingMapsPage - Point A entered: Whitefield, 291/4, Railway Station Road, Bengaluru East
2026-08-31 23:05:09 [TestNG-test=Regression Tests-1] INFO  com.automation.base.BaseTest - Pausing for 15 seconds before validation: Kempegowda Metro Station, Majestic, 7, Thotadappa Road, Bengaluru North
2026-08-31 23:05:25 [TestNG-test=Regression Tests-1] INFO  com.automation.pages.BingMapsPage - Point B entered: Kempegowda Metro Station, Majestic, 7, Thotadappa Road, Bengaluru North
]]></system-out>
  </testcase>
</testsuite>