<?xml version="1.0" encoding="UTF-8"?>
<testng-results ignored="0" total="7" passed="7" failed="0" skipped="0">
  <reporter-output>
  </reporter-output>
  <suite started-at="2026-08-31T23:00:48 IST" name="PlayWrite Project Suite" finished-at="2026-08-31T23:05:35 IST" duration-ms="286244">
    <groups>
    </groups>
    <test started-at="2026-08-31T23:00:48 IST" name="Smoke Tests" finished-at="2026-08-31T23:01:38 IST" duration-ms="49760">
      <class name="com.automation.tests.BingSearchTest">
        <test-method is-config="true" signature="setUp()[pri:0, instance:com.automation.tests.BingSearchTest@1b812421]" started-at="2026-08-31T23:00:48 IST" name="setUp" finished-at="2026-08-31T23:01:21 IST" duration-ms="32895" status="PASS">
          <reporter-output>
          </reporter-output>
        </test-method> <!-- setUp -->
        <test-method signature="testBingPageLoads()[pri:0, instance:com.automation.tests.BingSearchTest@1b812421]" started-at="2026-08-31T23:01:22 IST" name="testBingPageLoads" description="Verify Bing search page loads successfully" finished-at="2026-08-31T23:01:37 IST" duration-ms="15198" status="PASS">
          <reporter-output>
          </reporter-output>
        </test-method> <!-- testBingPageLoads -->
        <test-method is-config="true" signature="tearDown()[pri:0, instance:com.automation.tests.BingSearchTest@1b812421]" started-at="2026-08-31T23:01:37 IST" name="tearDown" finished-at="2026-08-31T23:01:38 IST" duration-ms="1328" status="PASS">
          <reporter-output>
          </reporter-output>
        </test-method> <!-- tearDown -->
      </class> <!-- com.automation.tests.BingSearchTest -->
    </test> <!-- Smoke Tests -->
    <test started-at="2026-08-31T23:01:38 IST" name="Regression Tests" finished-at="2026-08-31T23:05:35 IST" duration-ms="236403">
      <class name="com.automation.tests.BingSearchTest">
        <test-method is-config="true" signature="setUp()[pri:0, instance:com.automation.tests.BingSearchTest@7d151a]" started-at="2026-08-31T23:01:38 IST" name="setUp" finished-at="2026-08-31T23:01:46 IST" duration-ms="8168" status="PASS">
          <reporter-output>
          </reporter-output>
        </test-method> <!-- setUp -->
        <test-method signature="testBingPageLoads()[pri:0, instance:com.automation.tests.BingSearchTest@7d151a]" started-at="2026-08-31T23:01:46 IST" name="testBingPageLoads" description="Verify Bing search page loads successfully" finished-at="2026-08-31T23:02:01 IST" duration-ms="15125" status="PASS">
          <reporter-output>
          </reporter-output>
        </test-method> <!-- testBingPageLoads -->
        <test-method is-config="true" signature="tearDown()[pri:0, instance:com.automation.tests.BingSearchTest@7d151a]" started-at="2026-08-31T23:02:01 IST" name="tearDown" finished-at="2026-08-31T23:02:02 IST" duration-ms="1034" status="PASS">
          <reporter-output>
          </reporter-output>
        </test-method> <!-- tearDown -->
        <test-method is-config="true" signature="setUp()[pri:0, instance:com.automation.tests.BingSearchTest@7d151a]" started-at="2026-08-31T23:02:02 IST" name="setUp" finished-at="2026-08-31T23:02:12 IST" duration-ms="9633" status="PASS">
          <reporter-output>
          </reporter-output>
        </test-method> <!-- setUp -->
        <test-method signature="testBingSearch()[pri:0, instance:com.automation.tests.BingSearchTest@7d151a]" started-at="2026-08-31T23:02:12 IST" name="testBingSearch" description="Verify search functionality on Bing" finished-at="2026-08-31T23:02:44 IST" duration-ms="31821" status="PASS">
          <reporter-output>
          </reporter-output>
        </test-method> <!-- testBingSearch -->
        <test-method is-config="true" signature="tearDown()[pri:0, instance:com.automation.tests.BingSearchTest@7d151a]" started-at="2026-08-31T23:02:44 IST" name="tearDown" finished-at="2026-08-31T23:02:47 IST" duration-ms="2848" status="PASS">
          <reporter-output>
          </reporter-output>
        </test-method> <!-- tearDown -->
        <test-method is-config="true" signature="setUp()[pri:0, instance:com.automation.tests.BingSearchTest@7d151a]" started-at="2026-08-31T23:02:47 IST" name="setUp" finished-at="2026-08-31T23:02:54 IST" duration-ms="7275" status="PASS">
          <reporter-output>
          </reporter-output>
        </test-method> <!-- setUp -->
        <test-method signature="testBingSearchMultipleKeywords()[pri:0, instance:com.automation.tests.BingSearchTest@7d151a]" started-at="2026-08-31T23:02:54 IST" name="testBingSearchMultipleKeywords" description="Verify search with multiple keywords" finished-at="2026-08-31T23:03:39 IST" duration-ms="44456" status="PASS">
          <reporter-output>
          </reporter-output>
        </test-method> <!-- testBingSearchMultipleKeywords -->
        <test-method is-config="true" signature="tearDown()[pri:0, instance:com.automation.tests.BingSearchTest@7d151a]" started-at="2026-08-31T23:03:39 IST" name="tearDown" finished-at="2026-08-31T23:03:40 IST" duration-ms="949" status="PASS">
          <reporter-output>
          </reporter-output>
        </test-method> <!-- tearDown -->
        <test-method is-config="true" signature="setUp()[pri:0, instance:com.automation.tests.BingSearchTest@7d151a]" started-at="2026-08-31T23:03:40 IST" name="setUp" finished-at="2026-08-31T23:03:47 IST" duration-ms="7531" status="PASS">
          <reporter-output>
          </reporter-output>
        </test-method> <!-- setUp -->
        <test-method signature="testBingHomePageLinks()[pri:0, instance:com.automation.tests.BingSearchTest@7d151a]" started-at="2026-08-31T23:03:47 IST" name="testBingHomePageLinks" description="Verify links are present on the Bing home page" finished-at="2026-08-31T23:04:02 IST" duration-ms="15136" status="PASS">
          <reporter-output>
          </reporter-output>
        </test-method> <!-- testBingHomePageLinks -->
        <test-method is-config="true" signature="tearDown()[pri:0, instance:com.automation.tests.BingSearchTest@7d151a]" started-at="2026-08-31T23:04:02 IST" name="tearDown" finished-at="2026-08-31T23:04:03 IST" duration-ms="1154" status="PASS">
          <reporter-output>
          </reporter-output>
        </test-method> <!-- tearDown -->
        <test-method is-config="true" signature="setUp()[pri:0, instance:com.automation.tests.BingSearchTest@7d151a]" started-at="2026-08-31T23:04:03 IST" name="setUp" finished-at="2026-08-31T23:04:12 IST" duration-ms="8198" status="PASS">
          <reporter-output>
          </reporter-output>
        </test-method> <!-- setUp -->
        <test-method signature="testBingImagesSearchForMsDhoni()[pri:0, instance:com.automation.tests.BingSearchTest@7d151a]" started-at="2026-08-31T23:04:12 IST" name="testBingImagesSearchForMsDhoni" description="Verify Bing Images search for MS Dhoni" finished-at="2026-08-31T23:04:52 IST" duration-ms="40694" status="PASS">
          <reporter-output>
          </reporter-output>
        </test-method> <!-- testBingImagesSearchForMsDhoni -->
        <test-method is-config="true" signature="tearDown()[pri:0, instance:com.automation.tests.BingSearchTest@7d151a]" started-at="2026-08-31T23:04:52 IST" name="tearDown" finished-at="2026-08-31T23:04:53 IST" duration-ms="798" status="PASS">
          <reporter-output>
          </reporter-output>
        </test-method> <!-- tearDown -->
      </class> <!-- com.automation.tests.BingSearchTest -->
      <class name="com.automation.tests.BingMapsDirectionsTest">
        <test-method is-config="true" signature="setUp()[pri:0, instance:com.automation.tests.BingMapsDirectionsTest@294bdeb4]" started-at="2026-08-31T23:04:53 IST" name="setUp" finished-at="2026-08-31T23:05:00 IST" duration-ms="6838" status="PASS">
          <reporter-output>
          </reporter-output>
        </test-method> <!-- setUp -->
        <test-method signature="searchBangaloreAndViewDirections()[pri:0, instance:com.automation.tests.BingMapsDirectionsTest@294bdeb4]" started-at="2026-08-31T23:05:00 IST" name="searchBangaloreAndViewDirections" description="Search Bangalore and view directions from Whitefield to Kempegowda Metro Station" finished-at="2026-08-31T23:05:33 IST" duration-ms="33487" status="PASS">
          <reporter-output>
          </reporter-output>
        </test-method> <!-- searchBangaloreAndViewDirections -->
        <test-method is-config="true" signature="tearDown()[pri:0, instance:com.automation.tests.BingMapsDirectionsTest@294bdeb4]" started-at="2026-08-31T23:05:33 IST" name="tearDown" finished-at="2026-08-31T23:05:35 IST" duration-ms="1136" status="PASS">
          <reporter-output>
          </reporter-output>
        </test-method> <!-- tearDown -->
      </class> <!-- com.automation.tests.BingMapsDirectionsTest -->
    </test> <!-- Regression Tests -->
  </suite> <!-- PlayWrite Project Suite -->
</testng-results>
