<?xml version="1.0" encoding="UTF-8"?>
<!-- Generated by org.testng.reporters.JUnitReportReporter -->
<testsuite hostname="IN-5CD34791K4" failures="0" tests="6" name="com.automation.tests.BingSearchTest" time="244.241" errors="0" timestamp="2026-08-31T23:05:37 IST" skipped="0">
  <testcase classname="com.automation.tests.BingSearchTest" name="testBingSearch" time="41.944"/>
  <testcase classname="com.automation.tests.BingSearchTest" name="testBingPageLoads" time="23.605"/>
  <testcase classname="com.automation.tests.BingSearchTest" name="testBingPageLoads" time="49.421"/>
  <testcase classname="com.automation.tests.BingSearchTest" name="testBingSearchMultipleKeywords" time="54.887"/>
  <testcase classname="com.automation.tests.BingSearchTest" name="testBingImagesSearchForMsDhoni" time="50.016"/>
  <testcase classname="com.automation.tests.BingSearchTest" name="testBingHomePageLinks" time="24.368"/>
</testsuite> <!-- com.automation.tests.BingSearchTest -->
